build/app/intermediates/manifest_merge_blame_file/release/manifest-merger-blame-release-report.txt
1<?xml version="1.0" encoding="utf-8"?>
2<manifest xmlns:android="http://schemas.android.com/apk/res/android"
3    package="com.example.reel_t"
4    android:versionCode="1"
5    android:versionName="1.0.0" >
6
7    <uses-sdk
8        android:minSdkVersion="19"
8-->src/main/AndroidManifest.xml
9        android:targetSdkVersion="33" />
9-->src/main/AndroidManifest.xml
10
11    <uses-permission android:name="android.permission.RECEIVE_BOOT_COMPLETED" />
11-->[:flutter_local_notifications] AndroidManifest.xml:9:5-81
11-->[:flutter_local_notifications] AndroidManifest.xml:9:22-78
12    <uses-permission android:name="android.permission.VIBRATE" />
12-->[:flutter_local_notifications] AndroidManifest.xml:10:5-66
12-->[:flutter_local_notifications] AndroidManifest.xml:10:22-63
13    <uses-permission android:name="android.permission.USE_FULL_SCREEN_INTENT" />
13-->[:flutter_local_notifications] AndroidManifest.xml:11:5-81
13-->[:flutter_local_notifications] AndroidManifest.xml:11:22-78
14    <uses-permission android:name="android.permission.SCHEDULE_EXACT_ALARM" />
14-->[:flutter_local_notifications] AndroidManifest.xml:12:5-79
14-->[:flutter_local_notifications] AndroidManifest.xml:12:22-76
15    <uses-permission android:name="android.permission.POST_NOTIFICATIONS" />
15-->[:flutter_local_notifications] AndroidManifest.xml:13:5-77
15-->[:flutter_local_notifications] AndroidManifest.xml:13:22-74
16    <uses-permission android:name="android.permission.INTERNET" />
16-->[:google_sign_in_android] AndroidManifest.xml:9:5-67
16-->[:google_sign_in_android] AndroidManifest.xml:9:22-64
17    <uses-permission android:name="android.permission.ACCESS_NETWORK_STATE" />
17-->[:connectivity_plus] AndroidManifest.xml:9:5-79
17-->[:connectivity_plus] AndroidManifest.xml:9:22-76
18    <uses-permission android:name="android.permission.READ_EXTERNAL_STORAGE" />
18-->[:photo_manager] AndroidManifest.xml:9:5-80
18-->[:photo_manager] AndroidManifest.xml:9:22-77
19    <uses-permission android:name="android.permission.WAKE_LOCK" /> <!-- Required by older versions of Google Play services to create IID tokens -->
19-->[com.google.firebase:firebase-iid:21.1.0] AndroidManifest.xml:24:5-68
19-->[com.google.firebase:firebase-iid:21.1.0] AndroidManifest.xml:24:22-65
20    <uses-permission android:name="com.google.android.c2dm.permission.RECEIVE" />
20-->[com.google.firebase:firebase-iid:21.1.0] AndroidManifest.xml:26:5-82
20-->[com.google.firebase:firebase-iid:21.1.0] AndroidManifest.xml:26:22-79
21
22    <permission
22-->[androidx.core:core:1.9.0] AndroidManifest.xml:22:5-24:47
23        android:name="com.example.reel_t.DYNAMIC_RECEIVER_NOT_EXPORTED_PERMISSION"
23-->[androidx.core:core:1.9.0] AndroidManifest.xml:23:9-81
24        android:protectionLevel="signature" />
24-->[androidx.core:core:1.9.0] AndroidManifest.xml:24:9-44
25
26    <uses-permission android:name="com.example.reel_t.DYNAMIC_RECEIVER_NOT_EXPORTED_PERMISSION" />
26-->[androidx.core:core:1.9.0] AndroidManifest.xml:26:5-97
26-->[androidx.core:core:1.9.0] AndroidManifest.xml:26:22-94
27
28    <application
29        android:name="android.app.Application"
29-->src/main/AndroidManifest.xml:5:9-42
30        android:appComponentFactory="androidx.core.app.CoreComponentFactory"
30-->[androidx.core:core:1.9.0] AndroidManifest.xml:28:18-86
31        android:icon="@mipmap/ic_launcher"
31-->src/main/AndroidManifest.xml:6:9-43
32        android:label="reel_t"
32-->src/main/AndroidManifest.xml:4:9-31
33        android:requestLegacyExternalStorage="true" >
33-->src/main/AndroidManifest.xml:7:9-52
34        <activity
34-->src/main/AndroidManifest.xml:8:9-28:20
35            android:name="com.example.reel_t.MainActivity"
35-->src/main/AndroidManifest.xml:9:13-41
36            android:configChanges="orientation|keyboardHidden|keyboard|screenSize|smallestScreenSize|locale|layoutDirection|fontScale|screenLayout|density|uiMode"
36-->src/main/AndroidManifest.xml:13:13-163
37            android:exported="true"
37-->src/main/AndroidManifest.xml:10:13-36
38            android:hardwareAccelerated="true"
38-->src/main/AndroidManifest.xml:14:13-47
39            android:launchMode="singleTop"
39-->src/main/AndroidManifest.xml:11:13-43
40            android:theme="@style/LaunchTheme"
40-->src/main/AndroidManifest.xml:12:13-47
41            android:windowSoftInputMode="adjustResize" >
41-->src/main/AndroidManifest.xml:15:13-55
42
43            <!--
44                 Specifies an Android theme to apply to this Activity as soon as
45                 the Android process has started. This theme is visible to the user
46                 while the Flutter UI initializes. After that, this theme continues
47                 to determine the Window background behind the Flutter UI.
48            -->
49            <meta-data
49-->src/main/AndroidManifest.xml:20:13-23:17
50                android:name="io.flutter.embedding.android.NormalTheme"
50-->src/main/AndroidManifest.xml:21:15-70
51                android:resource="@style/NormalTheme" />
51-->src/main/AndroidManifest.xml:22:15-52
52
53            <intent-filter>
53-->src/main/AndroidManifest.xml:24:13-27:29
54                <action android:name="android.intent.action.MAIN" />
54-->src/main/AndroidManifest.xml:25:17-68
54-->src/main/AndroidManifest.xml:25:25-66
55
56                <category android:name="android.intent.category.LAUNCHER" />
56-->src/main/AndroidManifest.xml:26:17-76
56-->src/main/AndroidManifest.xml:26:27-74
57            </intent-filter>
58        </activity>
59        <!--
60             Don't delete the meta-data below.
61             This is used by the Flutter tool to generate GeneratedPluginRegistrant.java
62        -->
63        <meta-data
63-->src/main/AndroidManifest.xml:31:9-33:33
64            android:name="flutterEmbedding"
64-->src/main/AndroidManifest.xml:32:13-44
65            android:value="2" />
65-->src/main/AndroidManifest.xml:33:13-30
66
67        <service
67-->[:firebase_database] AndroidManifest.xml:10:9-14:19
68            android:name="com.google.firebase.components.ComponentDiscoveryService"
68-->[:firebase_database] AndroidManifest.xml:10:18-89
69            android:directBootAware="true"
69-->[com.google.firebase:firebase-common:20.3.0] AndroidManifest.xml:34:13-43
70            android:exported="false" >
70-->[com.google.firebase:firebase-auth:21.1.0] AndroidManifest.xml:66:13-37
71            <meta-data
71-->[:firebase_database] AndroidManifest.xml:11:13-13:85
72                android:name="com.google.firebase.components:io.flutter.plugins.firebase.database.FlutterFirebaseAppRegistrar"
72-->[:firebase_database] AndroidManifest.xml:12:17-127
73                android:value="com.google.firebase.components.ComponentRegistrar" />
73-->[:firebase_database] AndroidManifest.xml:13:17-82
74            <meta-data
74-->[:cloud_firestore] AndroidManifest.xml:11:13-13:85
75                android:name="com.google.firebase.components:io.flutter.plugins.firebase.firestore.FlutterFirebaseFirestoreRegistrar"
75-->[:cloud_firestore] AndroidManifest.xml:12:17-134
76                android:value="com.google.firebase.components.ComponentRegistrar" />
76-->[:cloud_firestore] AndroidManifest.xml:13:17-82
77            <meta-data
77-->[:cloud_functions] AndroidManifest.xml:11:13-13:85
78                android:name="com.google.firebase.components:io.flutter.plugins.firebase.functions.FlutterFirebaseAppRegistrar"
78-->[:cloud_functions] AndroidManifest.xml:12:17-128
79                android:value="com.google.firebase.components.ComponentRegistrar" />
79-->[:cloud_functions] AndroidManifest.xml:13:17-82
80            <meta-data
80-->[:firebase_auth] AndroidManifest.xml:11:13-13:85
81                android:name="com.google.firebase.components:io.flutter.plugins.firebase.auth.FlutterFirebaseAuthRegistrar"
81-->[:firebase_auth] AndroidManifest.xml:12:17-124
82                android:value="com.google.firebase.components.ComponentRegistrar" />
82-->[:firebase_auth] AndroidManifest.xml:13:17-82
83            <meta-data
83-->[:firebase_storage] AndroidManifest.xml:11:13-13:85
84                android:name="com.google.firebase.components:io.flutter.plugins.firebase.storage.FlutterFirebaseAppRegistrar"
84-->[:firebase_storage] AndroidManifest.xml:12:17-126
85                android:value="com.google.firebase.components.ComponentRegistrar" />
85-->[:firebase_storage] AndroidManifest.xml:13:17-82
86            <meta-data
86-->[:firebase_core] AndroidManifest.xml:11:13-13:85
87                android:name="com.google.firebase.components:io.flutter.plugins.firebase.core.FlutterFirebaseCoreRegistrar"
87-->[:firebase_core] AndroidManifest.xml:12:17-124
88                android:value="com.google.firebase.components.ComponentRegistrar" />
88-->[:firebase_core] AndroidManifest.xml:13:17-82
89            <meta-data
89-->[com.google.firebase:firebase-auth:21.1.0] AndroidManifest.xml:67:13-69:85
90                android:name="com.google.firebase.components:com.google.firebase.auth.FirebaseAuthRegistrar"
90-->[com.google.firebase:firebase-auth:21.1.0] AndroidManifest.xml:68:17-109
91                android:value="com.google.firebase.components.ComponentRegistrar" />
91-->[com.google.firebase:firebase-auth:21.1.0] AndroidManifest.xml:69:17-82
92            <meta-data
92-->[com.google.firebase:firebase-functions:20.2.2] AndroidManifest.xml:17:13-19:85
93                android:name="com.google.firebase.components:com.google.firebase.functions.FunctionsRegistrar"
93-->[com.google.firebase:firebase-functions:20.2.2] AndroidManifest.xml:18:17-111
94                android:value="com.google.firebase.components.ComponentRegistrar" />
94-->[com.google.firebase:firebase-functions:20.2.2] AndroidManifest.xml:19:17-82
95            <meta-data
95-->[com.google.firebase:firebase-firestore:24.4.3] AndroidManifest.xml:19:13-21:85
96                android:name="com.google.firebase.components:com.google.firebase.firestore.FirestoreRegistrar"
96-->[com.google.firebase:firebase-firestore:24.4.3] AndroidManifest.xml:20:17-111
97                android:value="com.google.firebase.components.ComponentRegistrar" />
97-->[com.google.firebase:firebase-firestore:24.4.3] AndroidManifest.xml:21:17-82
98            <meta-data
98-->[com.google.firebase:firebase-storage:20.1.0] AndroidManifest.xml:32:13-34:85
99                android:name="com.google.firebase.components:com.google.firebase.storage.StorageRegistrar"
99-->[com.google.firebase:firebase-storage:20.1.0] AndroidManifest.xml:33:17-107
100                android:value="com.google.firebase.components.ComponentRegistrar" />
100-->[com.google.firebase:firebase-storage:20.1.0] AndroidManifest.xml:34:17-82
101            <meta-data
101-->[com.google.firebase:firebase-database:20.1.0] AndroidManifest.xml:31:13-33:85
102                android:name="com.google.firebase.components:com.google.firebase.database.DatabaseRegistrar"
102-->[com.google.firebase:firebase-database:20.1.0] AndroidManifest.xml:32:17-109
103                android:value="com.google.firebase.components.ComponentRegistrar" />
103-->[com.google.firebase:firebase-database:20.1.0] AndroidManifest.xml:33:17-82
104            <meta-data
104-->[com.google.firebase:firebase-iid:21.1.0] AndroidManifest.xml:32:13-34:85
105                android:name="com.google.firebase.components:com.google.firebase.iid.Registrar"
105-->[com.google.firebase:firebase-iid:21.1.0] AndroidManifest.xml:33:17-96
106                android:value="com.google.firebase.components.ComponentRegistrar" />
106-->[com.google.firebase:firebase-iid:21.1.0] AndroidManifest.xml:34:17-82
107            <meta-data
107-->[com.google.firebase:firebase-installations:17.1.2] AndroidManifest.xml:17:13-19:85
108                android:name="com.google.firebase.components:com.google.firebase.installations.FirebaseInstallationsRegistrar"
108-->[com.google.firebase:firebase-installations:17.1.2] AndroidManifest.xml:18:17-127
109                android:value="com.google.firebase.components.ComponentRegistrar" />
109-->[com.google.firebase:firebase-installations:17.1.2] AndroidManifest.xml:19:17-82
110        </service>
111
112        <provider
112-->[:image_picker_android] AndroidManifest.xml:10:9-18:20
113            android:name="io.flutter.plugins.imagepicker.ImagePickerFileProvider"
113-->[:image_picker_android] AndroidManifest.xml:11:13-82
114            android:authorities="com.example.reel_t.flutter.image_provider"
114-->[:image_picker_android] AndroidManifest.xml:12:13-74
115            android:exported="false"
115-->[:image_picker_android] AndroidManifest.xml:13:13-37
116            android:grantUriPermissions="true" >
116-->[:image_picker_android] AndroidManifest.xml:14:13-47
117            <meta-data
117-->[:image_picker_android] AndroidManifest.xml:15:13-17:75
118                android:name="android.support.FILE_PROVIDER_PATHS"
118-->[:image_picker_android] AndroidManifest.xml:16:17-67
119                android:resource="@xml/flutter_image_picker_file_paths" />
119-->[:image_picker_android] AndroidManifest.xml:17:17-72
120        </provider>
121
122        <receiver
122-->[:flutter_local_notifications] AndroidManifest.xml:16:9-18:40
123            android:name="com.dexterous.flutterlocalnotifications.ActionBroadcastReceiver"
123-->[:flutter_local_notifications] AndroidManifest.xml:17:13-91
124            android:exported="false" />
124-->[:flutter_local_notifications] AndroidManifest.xml:18:13-37
125        <receiver
125-->[:flutter_local_notifications] AndroidManifest.xml:19:9-21:40
126            android:name="com.dexterous.flutterlocalnotifications.ScheduledNotificationReceiver"
126-->[:flutter_local_notifications] AndroidManifest.xml:20:13-97
127            android:exported="false" />
127-->[:flutter_local_notifications] AndroidManifest.xml:21:13-37
128        <receiver
128-->[:flutter_local_notifications] AndroidManifest.xml:22:9-31:20
129            android:name="com.dexterous.flutterlocalnotifications.ScheduledNotificationBootReceiver"
129-->[:flutter_local_notifications] AndroidManifest.xml:23:13-101
130            android:exported="false" >
130-->[:flutter_local_notifications] AndroidManifest.xml:24:13-37
131            <intent-filter>
131-->[:flutter_local_notifications] AndroidManifest.xml:25:13-30:29
132                <action android:name="android.intent.action.BOOT_COMPLETED" />
132-->[:flutter_local_notifications] AndroidManifest.xml:26:17-79
132-->[:flutter_local_notifications] AndroidManifest.xml:26:25-76
133                <action android:name="android.intent.action.MY_PACKAGE_REPLACED" />
133-->[:flutter_local_notifications] AndroidManifest.xml:27:17-84
133-->[:flutter_local_notifications] AndroidManifest.xml:27:25-81
134                <action android:name="android.intent.action.QUICKBOOT_POWERON" />
134-->[:flutter_local_notifications] AndroidManifest.xml:28:17-82
134-->[:flutter_local_notifications] AndroidManifest.xml:28:25-79
135                <action android:name="com.htc.intent.action.QUICKBOOT_POWERON" />
135-->[:flutter_local_notifications] AndroidManifest.xml:29:17-82
135-->[:flutter_local_notifications] AndroidManifest.xml:29:25-79
136            </intent-filter>
137        </receiver>
138
139        <activity
139-->[com.google.android.gms:play-services-auth:20.5.0] AndroidManifest.xml:23:9-27:75
140            android:name="com.google.android.gms.auth.api.signin.internal.SignInHubActivity"
140-->[com.google.android.gms:play-services-auth:20.5.0] AndroidManifest.xml:24:13-93
141            android:excludeFromRecents="true"
141-->[com.google.android.gms:play-services-auth:20.5.0] AndroidManifest.xml:25:13-46
142            android:exported="false"
142-->[com.google.android.gms:play-services-auth:20.5.0] AndroidManifest.xml:26:13-37
143            android:theme="@android:style/Theme.Translucent.NoTitleBar" />
143-->[com.google.android.gms:play-services-auth:20.5.0] AndroidManifest.xml:27:13-72
144        <!--
145            Service handling Google Sign-In user revocation. For apps that do not integrate with
146            Google Sign-In, this service will never be started.
147        -->
148        <service
148-->[com.google.android.gms:play-services-auth:20.5.0] AndroidManifest.xml:33:9-37:51
149            android:name="com.google.android.gms.auth.api.signin.RevocationBoundService"
149-->[com.google.android.gms:play-services-auth:20.5.0] AndroidManifest.xml:34:13-89
150            android:exported="true"
150-->[com.google.android.gms:play-services-auth:20.5.0] AndroidManifest.xml:35:13-36
151            android:permission="com.google.android.gms.auth.api.signin.permission.REVOCATION_NOTIFICATION"
151-->[com.google.android.gms:play-services-auth:20.5.0] AndroidManifest.xml:36:13-107
152            android:visibleToInstantApps="true" />
152-->[com.google.android.gms:play-services-auth:20.5.0] AndroidManifest.xml:37:13-48
153
154        <activity
154-->[com.google.firebase:firebase-auth:21.1.0] AndroidManifest.xml:27:9-44:20
155            android:name="com.google.firebase.auth.internal.GenericIdpActivity"
155-->[com.google.firebase:firebase-auth:21.1.0] AndroidManifest.xml:28:13-80
156            android:excludeFromRecents="true"
156-->[com.google.firebase:firebase-auth:21.1.0] AndroidManifest.xml:29:13-46
157            android:exported="true"
157-->[com.google.firebase:firebase-auth:21.1.0] AndroidManifest.xml:30:13-36
158            android:launchMode="singleTask"
158-->[com.google.firebase:firebase-auth:21.1.0] AndroidManifest.xml:31:13-44
159            android:theme="@android:style/Theme.Translucent.NoTitleBar" >
159-->[com.google.firebase:firebase-auth:21.1.0] AndroidManifest.xml:32:13-72
160            <intent-filter>
160-->[com.google.firebase:firebase-auth:21.1.0] AndroidManifest.xml:33:13-43:29
161                <action android:name="android.intent.action.VIEW" />
161-->[com.google.firebase:firebase-auth:21.1.0] AndroidManifest.xml:34:17-69
161-->[com.google.firebase:firebase-auth:21.1.0] AndroidManifest.xml:34:25-66
162
163                <category android:name="android.intent.category.DEFAULT" />
163-->[com.google.firebase:firebase-auth:21.1.0] AndroidManifest.xml:36:17-76
163-->[com.google.firebase:firebase-auth:21.1.0] AndroidManifest.xml:36:27-73
164                <category android:name="android.intent.category.BROWSABLE" />
164-->[com.google.firebase:firebase-auth:21.1.0] AndroidManifest.xml:37:17-78
164-->[com.google.firebase:firebase-auth:21.1.0] AndroidManifest.xml:37:27-75
165
166                <data
166-->[com.google.firebase:firebase-auth:21.1.0] AndroidManifest.xml:39:17-42:51
167                    android:host="firebase.auth"
167-->[com.google.firebase:firebase-auth:21.1.0] AndroidManifest.xml:40:21-49
168                    android:path="/"
168-->[com.google.firebase:firebase-auth:21.1.0] AndroidManifest.xml:41:21-37
169                    android:scheme="genericidp" />
169-->[com.google.firebase:firebase-auth:21.1.0] AndroidManifest.xml:42:21-48
170            </intent-filter>
171        </activity>
172        <activity
172-->[com.google.firebase:firebase-auth:21.1.0] AndroidManifest.xml:45:9-62:20
173            android:name="com.google.firebase.auth.internal.RecaptchaActivity"
173-->[com.google.firebase:firebase-auth:21.1.0] AndroidManifest.xml:46:13-79
174            android:excludeFromRecents="true"
174-->[com.google.firebase:firebase-auth:21.1.0] AndroidManifest.xml:47:13-46
175            android:exported="true"
175-->[com.google.firebase:firebase-auth:21.1.0] AndroidManifest.xml:48:13-36
176            android:launchMode="singleTask"
176-->[com.google.firebase:firebase-auth:21.1.0] AndroidManifest.xml:49:13-44
177            android:theme="@android:style/Theme.Translucent.NoTitleBar" >
177-->[com.google.firebase:firebase-auth:21.1.0] AndroidManifest.xml:50:13-72
178            <intent-filter>
178-->[com.google.firebase:firebase-auth:21.1.0] AndroidManifest.xml:51:13-61:29
179                <action android:name="android.intent.action.VIEW" />
179-->[com.google.firebase:firebase-auth:21.1.0] AndroidManifest.xml:34:17-69
179-->[com.google.firebase:firebase-auth:21.1.0] AndroidManifest.xml:34:25-66
180
181                <category android:name="android.intent.category.DEFAULT" />
181-->[com.google.firebase:firebase-auth:21.1.0] AndroidManifest.xml:36:17-76
181-->[com.google.firebase:firebase-auth:21.1.0] AndroidManifest.xml:36:27-73
182                <category android:name="android.intent.category.BROWSABLE" />
182-->[com.google.firebase:firebase-auth:21.1.0] AndroidManifest.xml:37:17-78
182-->[com.google.firebase:firebase-auth:21.1.0] AndroidManifest.xml:37:27-75
183
184                <data
184-->[com.google.firebase:firebase-auth:21.1.0] AndroidManifest.xml:39:17-42:51
185                    android:host="firebase.auth"
185-->[com.google.firebase:firebase-auth:21.1.0] AndroidManifest.xml:40:21-49
186                    android:path="/"
186-->[com.google.firebase:firebase-auth:21.1.0] AndroidManifest.xml:41:21-37
187                    android:scheme="recaptcha" />
187-->[com.google.firebase:firebase-auth:21.1.0] AndroidManifest.xml:42:21-48
188            </intent-filter>
189        </activity>
190
191        <provider
191-->[com.google.firebase:firebase-common:20.3.0] AndroidManifest.xml:25:9-30:39
192            android:name="com.google.firebase.provider.FirebaseInitProvider"
192-->[com.google.firebase:firebase-common:20.3.0] AndroidManifest.xml:26:13-77
193            android:authorities="com.example.reel_t.firebaseinitprovider"
193-->[com.google.firebase:firebase-common:20.3.0] AndroidManifest.xml:27:13-72
194            android:directBootAware="true"
194-->[com.google.firebase:firebase-common:20.3.0] AndroidManifest.xml:28:13-43
195            android:exported="false"
195-->[com.google.firebase:firebase-common:20.3.0] AndroidManifest.xml:29:13-37
196            android:initOrder="100" />
196-->[com.google.firebase:firebase-common:20.3.0] AndroidManifest.xml:30:13-36
197
198        <activity
198-->[com.google.android.gms:play-services-base:18.1.0] AndroidManifest.xml:20:9-22:45
199            android:name="com.google.android.gms.common.api.GoogleApiActivity"
199-->[com.google.android.gms:play-services-base:18.1.0] AndroidManifest.xml:20:19-85
200            android:exported="false"
200-->[com.google.android.gms:play-services-base:18.1.0] AndroidManifest.xml:22:19-43
201            android:theme="@android:style/Theme.Translucent.NoTitleBar" />
201-->[com.google.android.gms:play-services-base:18.1.0] AndroidManifest.xml:21:19-78
202
203        <meta-data
203-->[com.google.android.gms:play-services-basement:18.2.0] AndroidManifest.xml:21:9-23:69
204            android:name="com.google.android.gms.version"
204-->[com.google.android.gms:play-services-basement:18.2.0] AndroidManifest.xml:22:13-58
205            android:value="@integer/google_play_services_version" />
205-->[com.google.android.gms:play-services-basement:18.2.0] AndroidManifest.xml:23:13-66
206
207        <uses-library
207-->[androidx.window:window:1.0.0-beta04] AndroidManifest.xml:25:9-27:40
208            android:name="androidx.window.extensions"
208-->[androidx.window:window:1.0.0-beta04] AndroidManifest.xml:26:13-54
209            android:required="false" />
209-->[androidx.window:window:1.0.0-beta04] AndroidManifest.xml:27:13-37
210        <uses-library
210-->[androidx.window:window:1.0.0-beta04] AndroidManifest.xml:28:9-30:40
211            android:name="androidx.window.sidecar"
211-->[androidx.window:window:1.0.0-beta04] AndroidManifest.xml:29:13-51
212            android:required="false" />
212-->[androidx.window:window:1.0.0-beta04] AndroidManifest.xml:30:13-37
213    </application>
214
215</manifest>